<?xml version="1.0" encoding="UTF-8"?>
<!-- Generated by org.testng.reporters.JUnitReportReporter -->
<testsuite skipped="0" hostname="DESKTOP-02KQ0Q9" name="testCases.FBLoginTest" tests="2" failures="0" timestamp="14 Sep 2022 11:47:50 GMT" time="9.000" errors="0">
  <testcase name="ImplPositioningMethod" time="3.777" classname="testCases.FBLoginTest"/>
  <testcase name="ImplPositioningMethod2" time="5.223" classname="testCases.FBLoginTest"/>
</testsuite> <!-- testCases.FBLoginTest -->
